[	0.0007355409093700999 ,
	161.28653693234304 ,
	11.517905124908543 ,
	59.72209234552778 ,
	1.6003620249876165 ,
	12.497790041948912 ,
	53.3159136263902 ,
	0.7550122610823037 ,
	3.355188994716222 ,
	12.071728591489993 ,
	41.820456073299724 ,
	0.37551119583711623 ,
	1.054184209569609 ,
	2.905504349418896 ,
	10.538424956472433 ,
	34.311331394112514 ,
	0.32490635299946646 ,
	0.7957152118438259 ,
	1.2832036241294973 ,
	2.7589253481721334 ,
	9.34922460421023 ,
	35.041093577330926 ,
	0.16371095047068238 ,
	0.37700541045454905 ,
	0.751727389387808 ,
	1.1113926433716304 ,
	2.5725175111648473 ,
	8.134002821993972 ,
	32.513285434691554 ,
	0.12466181827255113 ,
	0.26753096167721957 ,
	0.4154239578608282 ,
	0.6253085494390881 ,
	1.0800366040004095 ,
	2.572437245258935 ,
	6.772176578692994 ,
	44.42220306333434 ,
	0.061688686859710955 ,
	0.16029812263423143 ,
	0.22489272346915057 ,
	0.3421535250231199 ,
	0.7070435121084485 ,
	1.0152012874906644 ,
	2.2319898471718633 ,
	5.913923240843038 ,
	24.145357409672503 ,
	0.05629149618058683 ,
	0.1880866736553953 ,
	0.2202512229318811 ,
	0.25098501304426984 ,
	0.42116859844652477 ,
	0.4899685792864167 ,
	0.9806942839223861 ,
	1.8985588827344129 ,
	5.196937620166481 ,
	25.54482958664926 ,
	0.02540544742055852 ,
	0.10014632882711771 ,
	0.13081052489921452 ,
	0.18072817939144759 ,
	0.22094756342111788 ,
	0.3002633999326101 ,
	0.38068687109772076 ,
	0.7334375476332187 ,
	1.6491950253882248 ,
	3.9837576922978366 ,
	18.88748676705872 ,
	0.037138345721452734 ,
	0.04587559928951052 ,
	0.13051849333925608 ,
	0.12704405953501244 ,
	0.18523114062843524 ,
	0.14018732766240982 ,
	0.3362869173121579 ,
	0.3405148564088275 ,
	0.595211477722666 ,
	1.2723890201213 ,
	3.17811298258301 ,
	17.53036869541254 ,
	0.0040003132193690265 ,
	0.043169410919751974 ,
	0.06368779260472063 ,
	0.09928849510783024 ,
	0.1343850528819309 ,
	0.11547307078101604 ,
	0.21093446997143672 ,
	0.2757487849436081 ,
	0.39113202362433475 ,
	0.44379910887469937 ,
	1.3884642740965105 ,
	2.025257534891401 ,
	14.040810177041442 ,
	0.009839829061590158 ,
	0.048160566278798944 ,
	0.05986450888838595 ,
	0.057804026383734955 ,
	0.09185029566596169 ,
	0.13902136197029707 ,
	0.20939878611789375 ,
	0.19498205363129184 ,
	0.23308449372058151 ,
	0.27174604662636703 ,
	0.47050774268391415 ,
	1.650789385058244 ,
	2.0370425539233508 ,
	25.420917617437222 ,
	0.0132750420239042 ,
	0.012343193058698281 ,
	0.051037414536235656 ,
	0.06816058959508989 ,
	0.08075766496141264 ,
	0.07320511122849901 ,
	0.14445985072488243 ,
	0.15749749110040043 ,
	0.2179425227521506 ,
	0.21967696123224678 ,
	0.3932982875348949 ,
	0.40364186414009284 ,
	1.5239851216062026 ,
	1.8623000318533458 ,
	10.990058305541957 ,
	0.014886089396755982 ,
	0.009582975560656017 ,
	0.04551561509147905 ,
	0.07527081387555169 ,
	0.1253767962329589 ,
	0.08589512850818337 ,
	0.18322703284689743 ,
	0.1266520530493009 ,
	0.21451922380851984 ,
	0.23555595503090065 ,
	0.20922152020536727 ,
	0.3578694119663489 ,
	0.41047382503691254 ,
	1.684178459060119 ,
	1.4999107890125898 ,
	40.4535690820492 ]
